\BOOKMARK [1][-]{section.1}{\376\377\000M\000\364\000\040\000t\036\243\000\040\000k\000i\036\277\000n\000\040\000t\000r\000\372\000c\000\040\000h\036\307\000\040\000t\000h\036\321\000n\000g}{}% 1
\BOOKMARK [2][-]{subsection.1.1}{\376\377\000T\036\325\000n\000g\000\040\000q\000u\000a\000n\000\040\000c\000l\000i\000e\000n\000t\000/\000s\000e\000r\000v\000e\000r}{section.1}% 2
\BOOKMARK [2][-]{subsection.1.2}{\376\377\000L\000u\036\323\000n\000g\000\040\000s\000i\000g\000n\000a\000l\000i\000n\000g\000\040\000v\000\340\000\040\000m\000e\000d\000i\000a}{section.1}% 3
\BOOKMARK [2][-]{subsection.1.3}{\376\377\000W\000e\000b\000R\000T\000C\000\040\000t\000r\000o\000n\000g\000\040\000h\036\307\000\040\000t\000h\036\321\000n\000g\000\040\000n\000\340\000y}{section.1}% 4
\BOOKMARK [2][-]{subsection.1.4}{\376\377\000M\000\364\000\040\000h\000\354\000n\000h\000\040\000I\000C\000E\000/\000S\000T\000U\000N\000/\000T\000U\000R\000N}{section.1}% 5
\BOOKMARK [1][-]{section.2}{\376\377\001\020\036\313\000n\000h\000\040\000n\000g\000h\001\051\000a\000\040\000p\000r\000o\000t\000o\000c\000o\000l\000\040\000s\000i\000g\000n\000a\000l\000i\000n\000g}{}% 6
\BOOKMARK [2][-]{subsection.2.1}{\376\377\000D\000a\000n\000h\000\040\000s\000\341\000c\000h\000\040\000m\000e\000s\000s\000a\000g\000e\000\040\000J\000S\000O\000N\000\040\000c\000h\000\355\000n\000h}{section.2}% 7
\BOOKMARK [2][-]{subsection.2.2}{\376\377\000V\000\355\000\040\000d\036\345\000\040\000g\000\363\000i\000\040\000t\000i\000n}{section.2}% 8
\BOOKMARK [1][-]{section.3}{\376\377\000T\000h\000i\036\277\000t\000\040\000k\036\277\000\040\000r\000o\000o\000m\000\040\000v\000\340\000\040\000g\000r\000o\000u\000p\000\040\000c\000a\000l\000l}{}% 9
\BOOKMARK [2][-]{subsection.3.1}{\376\377\000Q\000u\036\243\000n\000\040\000l\000\375\000\040\000r\000o\000o\000m}{section.3}% 10
\BOOKMARK [2][-]{subsection.3.2}{\376\377\000G\000r\000o\000u\000p\000\040\000c\000a\000l\000l\000\040\000m\000e\000s\000h\000\040\000t\000o\000p\000o\000l\000o\000g\000y}{section.3}% 11
\BOOKMARK [2][-]{subsection.3.3}{\376\377\000H\000i\036\303\000n\000\040\000t\000h\036\313\000\040\000g\000r\000i\000d\000\040\000v\000i\000d\000e\000o}{section.3}% 12
\BOOKMARK [1][-]{section.4}{\376\377\000T\000r\000i\036\303\000n\000\040\000k\000h\000a\000i\000\040\000T\000U\000R\000N\000\040\000\050\000d\036\313\000c\000h\000\040\000v\036\345\000\040\000M\000e\000t\000e\000r\000e\000d\000.\000c\000a\000\051}{}% 13
\BOOKMARK [2][-]{subsection.4.1}{\376\377\000C\036\245\000u\000\040\000h\000\354\000n\000h\000\040\000s\036\355\000\040\000d\036\345\000n\000g}{section.4}% 14
\BOOKMARK [2][-]{subsection.4.2}{\376\377\000P\000o\000r\000t\000s\000\040\000v\000\340\000\040\000t\000r\000a\000n\000s\000p\000o\000r\000t}{section.4}% 15
\BOOKMARK [2][-]{subsection.4.3}{\376\377\000C\000r\000e\000d\000e\000n\000t\000i\000a\000l}{section.4}% 16
\BOOKMARK [1][-]{section.5}{\376\377\000K\036\277\000t\000\040\000q\000u\036\243\000\040\000k\000i\036\303\000m\000\040\000t\000h\036\355}{}% 17
\BOOKMARK [2][-]{subsection.5.1}{\376\377\000T\000e\000s\000t\000\040\000L\000A\000N\000\040\000\050\000P\0002\000P\000\051}{section.5}% 18
\BOOKMARK [2][-]{subsection.5.2}{\376\377\000T\000e\000s\000t\000\040\000k\000h\000\341\000c\000\040\000m\036\241\000n\000g\000\040\000/\000\040\0004\000G\000\040\000\050\000T\000U\000R\000N\000\040\000r\000e\000l\000a\000y\000\051}{section.5}% 19
\BOOKMARK [2][-]{subsection.5.3}{\376\377\000T\000h\036\321\000n\000g\000\040\000k\000\352\000\040\000t\036\353\000\040\000g\000e\000t\000S\000t\000a\000t\000s\000\050\000\051}{section.5}% 20
\BOOKMARK [1][-]{section.6}{\376\377\000H\036\241\000n\000\040\000c\000h\036\277\000\040\000v\000\340\000\040\000h\001\260\036\333\000n\000g\000\040\000p\000h\000\341\000t\000\040\000t\000r\000i\036\303\000n}{}% 21
\BOOKMARK [2][-]{subsection.6.1}{\376\377\000H\036\241\000n\000\040\000c\000h\036\277\000\040\000h\000i\036\307\000n\000\040\000t\036\241\000i}{section.6}% 22
\BOOKMARK [2][-]{subsection.6.2}{\376\377\000H\001\260\036\333\000n\000g\000\040\000p\000h\000\341\000t\000\040\000t\000r\000i\036\303\000n}{section.6}% 23
